<?xml version="1.0" encoding="UTF-8"?>
<testng-results ignored="0" total="1" passed="1" failed="0" skipped="0">
  <reporter-output>
  </reporter-output>
  <suite started-at="2019-08-14T01:31:22Z" name="Surefire suite" finished-at="2019-08-14T01:31:22Z" duration-ms="139">
    <groups>
    </groups>
    <test started-at="2019-08-14T01:31:22Z" name="Surefire test" finished-at="2019-08-14T01:31:22Z" duration-ms="139">
      <class name="mcitproject.AppTest">
        <test-method signature="shouldAnswerWithTrue()" started-at="2019-08-14T01:31:22Z" name="shouldAnswerWithTrue" finished-at="2019-08-14T01:31:22Z" duration-ms="30" status="PASS">
          <reporter-output>
          </reporter-output>
        </test-method> <!-- shouldAnswerWithTrue -->
      </class> <!-- mcitproject.AppTest -->
    </test> <!-- Surefire test -->
  </suite> <!-- Surefire suite -->
</testng-results>
